ERROR 2025-06-20 18:54:54,326 views Ошибка в qualifications_list: Reverse for 'qualification_detail' with keyword arguments '{'id': '13udkq3wv2ny1mitkems2adgzhl3a4pp'}' not found. 1 pattern(s) tried: ['picnic_shop/spec/(?P<id>[0-9]+)/\\Z']
ERROR 2025-06-20 18:55:35,361 views Ошибка в qualifications_list: Reverse for 'qualification_detail' with keyword arguments '{'id': '13udkq3wv2ny1mitkems2adgzhl3a4pp'}' not found. 1 pattern(s) tried: ['picnic_shop/spec/(?P<id>[0-9]+)/\\Z']
ERROR 2025-06-21 10:18:54,577 views Ошибка в qualifications_list: Reverse for 'qualification_detail' with keyword arguments '{'id': '13udkq3wv2ny1mitkems2adgzhl3a4pp'}' not found. 1 pattern(s) tried: ['picnic_shop/spec/(?P<id>[0-9]+)/\\Z']
ERROR 2025-06-21 10:18:55,306 views Ошибка в qualifications_list: Reverse for 'qualification_detail' with keyword arguments '{'id': '13udkq3wv2ny1mitkems2adgzhl3a4pp'}' not found. 1 pattern(s) tried: ['picnic_shop/spec/(?P<id>[0-9]+)/\\Z']
ERROR 2025-06-21 10:19:00,665 views Ошибка в qualifications_list: Reverse for 'qualification_detail' with keyword arguments '{'id': '13udkq3wv2ny1mitkems2adgzhl3a4pp'}' not found. 1 pattern(s) tried: ['picnic_shop/spec/(?P<id>[0-9]+)/\\Z']
ERROR 2025-06-21 10:24:36,481 views Ошибка в qualifications_list: Reverse for 'qualification_detail' with keyword arguments '{'id': '13udkq3wv2ny1mitkems2adgzhl3a4pp'}' not found. 1 pattern(s) tried: ['picnic_shop/spec/(?P<id>[0-9]+)/\\Z']
Traceback (most recent call last):
  File "/Users/dmitrij/Desktop/my_project_2/picnic_shop/views.py", line 51, in qualifications_list
    return render(request, 'qualifications_list.html', {
        'qualifications': qualifications
    })
  File "/Users/dmitrij/Desktop/my_project_2/myenv/lib/python3.13/site-packages/django/shortcuts.py", line 25, in render
    content = loader.render_to_string(template_name, context, request, using=using)
  File "/Users/dmitrij/Desktop/my_project_2/myenv/lib/python3.13/site-packages/django/template/loader.py", line 62, in render_to_string
    return template.render(context, request)
           ~~~~~~~~~~~~~~~^^^^^^^^^^^^^^^^^^
  File "/Users/dmitrij/Desktop/my_project_2/myenv/lib/python3.13/site-packages/django/template/backends/django.py", line 107, in render
    return self.template.render(context)
           ~~~~~~~~~~~~~~~~~~~~^^^^^^^^^
  File "/Users/dmitrij/Desktop/my_project_2/myenv/lib/python3.13/site-packages/django/template/base.py", line 171, in render
    return self._render(context)
           ~~~~~~~~~~~~^^^^^^^^^
  File "/Users/dmitrij/Desktop/my_project_2/myenv/lib/python3.13/site-packages/django/template/base.py", line 163, in _render
    return self.nodelist.render(context)
           ~~~~~~~~~~~~~~~~~~~~^^^^^^^^^
  File "/Users/dmitrij/Desktop/my_project_2/myenv/lib/python3.13/site-packages/django/template/base.py", line 1008, in render
    return SafeString("".join([node.render_annotated(context) for node in self]))
                               ~~~~~~~~~~~~~~~~~~~~~^^^^^^^^^
  File "/Users/dmitrij/Desktop/my_project_2/myenv/lib/python3.13/site-packages/django/template/base.py", line 969, in render_annotated
    return self.render(context)
           ~~~~~~~~~~~^^^^^^^^^
  File "/Users/dmitrij/Desktop/my_project_2/myenv/lib/python3.13/site-packages/django/template/defaulttags.py", line 327, in render
    return nodelist.render(context)
           ~~~~~~~~~~~~~~~^^^^^^^^^
  File "/Users/dmitrij/Desktop/my_project_2/myenv/lib/python3.13/site-packages/django/template/base.py", line 1008, in render
    return SafeString("".join([node.render_annotated(context) for node in self]))
                               ~~~~~~~~~~~~~~~~~~~~~^^^^^^^^^
  File "/Users/dmitrij/Desktop/my_project_2/myenv/lib/python3.13/site-packages/django/template/base.py", line 969, in render_annotated
    return self.render(context)
           ~~~~~~~~~~~^^^^^^^^^
  File "/Users/dmitrij/Desktop/my_project_2/myenv/lib/python3.13/site-packages/django/template/defaulttags.py", line 243, in render
    nodelist.append(node.render_annotated(context))
                    ~~~~~~~~~~~~~~~~~~~~~^^^^^^^^^
  File "/Users/dmitrij/Desktop/my_project_2/myenv/lib/python3.13/site-packages/django/template/base.py", line 969, in render_annotated
    return self.render(context)
           ~~~~~~~~~~~^^^^^^^^^
  File "/Users/dmitrij/Desktop/my_project_2/myenv/lib/python3.13/site-packages/django/template/defaulttags.py", line 480, in render
    url = reverse(view_name, args=args, kwargs=kwargs, current_app=current_app)
  File "/Users/dmitrij/Desktop/my_project_2/myenv/lib/python3.13/site-packages/django/urls/base.py", line 88, in reverse
    return resolver._reverse_with_prefix(view, prefix, *args, **kwargs)
           ~~~~~~~~~~~~~~~~~~~~~~~~~~~~~^^^^^^^^^^^^^^^^^^^^^^^^^^^^^^^
  File "/Users/dmitrij/Desktop/my_project_2/myenv/lib/python3.13/site-packages/django/urls/resolvers.py", line 831, in _reverse_with_prefix
    raise NoReverseMatch(msg)
django.urls.exceptions.NoReverseMatch: Reverse for 'qualification_detail' with keyword arguments '{'id': '13udkq3wv2ny1mitkems2adgzhl3a4pp'}' not found. 1 pattern(s) tried: ['picnic_shop/spec/(?P<id>[0-9]+)/\\Z']
ERROR 2025-06-21 10:24:37,272 views Ошибка в qualifications_list: Reverse for 'qualification_detail' with keyword arguments '{'id': '13udkq3wv2ny1mitkems2adgzhl3a4pp'}' not found. 1 pattern(s) tried: ['picnic_shop/spec/(?P<id>[0-9]+)/\\Z']
Traceback (most recent call last):
  File "/Users/dmitrij/Desktop/my_project_2/picnic_shop/views.py", line 51, in qualifications_list
    return render(request, 'qualifications_list.html', {
        'qualifications': qualifications
    })
  File "/Users/dmitrij/Desktop/my_project_2/myenv/lib/python3.13/site-packages/django/shortcuts.py", line 25, in render
    content = loader.render_to_string(template_name, context, request, using=using)
  File "/Users/dmitrij/Desktop/my_project_2/myenv/lib/python3.13/site-packages/django/template/loader.py", line 62, in render_to_string
    return template.render(context, request)
           ~~~~~~~~~~~~~~~^^^^^^^^^^^^^^^^^^
  File "/Users/dmitrij/Desktop/my_project_2/myenv/lib/python3.13/site-packages/django/template/backends/django.py", line 107, in render
    return self.template.render(context)
           ~~~~~~~~~~~~~~~~~~~~^^^^^^^^^
  File "/Users/dmitrij/Desktop/my_project_2/myenv/lib/python3.13/site-packages/django/template/base.py", line 171, in render
    return self._render(context)
           ~~~~~~~~~~~~^^^^^^^^^
  File "/Users/dmitrij/Desktop/my_project_2/myenv/lib/python3.13/site-packages/django/template/base.py", line 163, in _render
    return self.nodelist.render(context)
           ~~~~~~~~~~~~~~~~~~~~^^^^^^^^^
  File "/Users/dmitrij/Desktop/my_project_2/myenv/lib/python3.13/site-packages/django/template/base.py", line 1008, in render
    return SafeString("".join([node.render_annotated(context) for node in self]))
                               ~~~~~~~~~~~~~~~~~~~~~^^^^^^^^^
  File "/Users/dmitrij/Desktop/my_project_2/myenv/lib/python3.13/site-packages/django/template/base.py", line 969, in render_annotated
    return self.render(context)
           ~~~~~~~~~~~^^^^^^^^^
  File "/Users/dmitrij/Desktop/my_project_2/myenv/lib/python3.13/site-packages/django/template/defaulttags.py", line 327, in render
    return nodelist.render(context)
           ~~~~~~~~~~~~~~~^^^^^^^^^
  File "/Users/dmitrij/Desktop/my_project_2/myenv/lib/python3.13/site-packages/django/template/base.py", line 1008, in render
    return SafeString("".join([node.render_annotated(context) for node in self]))
                               ~~~~~~~~~~~~~~~~~~~~~^^^^^^^^^
  File "/Users/dmitrij/Desktop/my_project_2/myenv/lib/python3.13/site-packages/django/template/base.py", line 969, in render_annotated
    return self.render(context)
           ~~~~~~~~~~~^^^^^^^^^
  File "/Users/dmitrij/Desktop/my_project_2/myenv/lib/python3.13/site-packages/django/template/defaulttags.py", line 243, in render
    nodelist.append(node.render_annotated(context))
                    ~~~~~~~~~~~~~~~~~~~~~^^^^^^^^^
  File "/Users/dmitrij/Desktop/my_project_2/myenv/lib/python3.13/site-packages/django/template/base.py", line 969, in render_annotated
    return self.render(context)
           ~~~~~~~~~~~^^^^^^^^^
  File "/Users/dmitrij/Desktop/my_project_2/myenv/lib/python3.13/site-packages/django/template/defaulttags.py", line 480, in render
    url = reverse(view_name, args=args, kwargs=kwargs, current_app=current_app)
  File "/Users/dmitrij/Desktop/my_project_2/myenv/lib/python3.13/site-packages/django/urls/base.py", line 88, in reverse
    return resolver._reverse_with_prefix(view, prefix, *args, **kwargs)
           ~~~~~~~~~~~~~~~~~~~~~~~~~~~~~^^^^^^^^^^^^^^^^^^^^^^^^^^^^^^^
  File "/Users/dmitrij/Desktop/my_project_2/myenv/lib/python3.13/site-packages/django/urls/resolvers.py", line 831, in _reverse_with_prefix
    raise NoReverseMatch(msg)
django.urls.exceptions.NoReverseMatch: Reverse for 'qualification_detail' with keyword arguments '{'id': '13udkq3wv2ny1mitkems2adgzhl3a4pp'}' not found. 1 pattern(s) tried: ['picnic_shop/spec/(?P<id>[0-9]+)/\\Z']
ERROR 2025-06-21 10:38:47,352 views Ошибка в qualifications_list: Reverse for 'qualification_detail' with keyword arguments '{'id': '13udkq3wv2ny1mitkems2adgzhl3a4pp'}' not found. 1 pattern(s) tried: ['picnic_shop/spec/(?P<id>[0-9]+)/\\Z']
Traceback (most recent call last):
  File "/Users/dmitrij/Desktop/my_project_2/picnic_shop/views.py", line 51, in qualifications_list
    return render(request, 'qualifications_list.html', {
        'qualifications': qualifications
    })
  File "/Users/dmitrij/Desktop/my_project_2/myenv/lib/python3.13/site-packages/django/shortcuts.py", line 25, in render
    content = loader.render_to_string(template_name, context, request, using=using)
  File "/Users/dmitrij/Desktop/my_project_2/myenv/lib/python3.13/site-packages/django/template/loader.py", line 62, in render_to_string
    return template.render(context, request)
           ~~~~~~~~~~~~~~~^^^^^^^^^^^^^^^^^^
  File "/Users/dmitrij/Desktop/my_project_2/myenv/lib/python3.13/site-packages/django/template/backends/django.py", line 107, in render
    return self.template.render(context)
           ~~~~~~~~~~~~~~~~~~~~^^^^^^^^^
  File "/Users/dmitrij/Desktop/my_project_2/myenv/lib/python3.13/site-packages/django/template/base.py", line 171, in render
    return self._render(context)
           ~~~~~~~~~~~~^^^^^^^^^
  File "/Users/dmitrij/Desktop/my_project_2/myenv/lib/python3.13/site-packages/django/template/base.py", line 163, in _render
    return self.nodelist.render(context)
           ~~~~~~~~~~~~~~~~~~~~^^^^^^^^^
  File "/Users/dmitrij/Desktop/my_project_2/myenv/lib/python3.13/site-packages/django/template/base.py", line 1008, in render
    return SafeString("".join([node.render_annotated(context) for node in self]))
                               ~~~~~~~~~~~~~~~~~~~~~^^^^^^^^^
  File "/Users/dmitrij/Desktop/my_project_2/myenv/lib/python3.13/site-packages/django/template/base.py", line 969, in render_annotated
    return self.render(context)
           ~~~~~~~~~~~^^^^^^^^^
  File "/Users/dmitrij/Desktop/my_project_2/myenv/lib/python3.13/site-packages/django/template/defaulttags.py", line 327, in render
    return nodelist.render(context)
           ~~~~~~~~~~~~~~~^^^^^^^^^
  File "/Users/dmitrij/Desktop/my_project_2/myenv/lib/python3.13/site-packages/django/template/base.py", line 1008, in render
    return SafeString("".join([node.render_annotated(context) for node in self]))
                               ~~~~~~~~~~~~~~~~~~~~~^^^^^^^^^
  File "/Users/dmitrij/Desktop/my_project_2/myenv/lib/python3.13/site-packages/django/template/base.py", line 969, in render_annotated
    return self.render(context)
           ~~~~~~~~~~~^^^^^^^^^
  File "/Users/dmitrij/Desktop/my_project_2/myenv/lib/python3.13/site-packages/django/template/defaulttags.py", line 243, in render
    nodelist.append(node.render_annotated(context))
                    ~~~~~~~~~~~~~~~~~~~~~^^^^^^^^^
  File "/Users/dmitrij/Desktop/my_project_2/myenv/lib/python3.13/site-packages/django/template/base.py", line 969, in render_annotated
    return self.render(context)
           ~~~~~~~~~~~^^^^^^^^^
  File "/Users/dmitrij/Desktop/my_project_2/myenv/lib/python3.13/site-packages/django/template/defaulttags.py", line 480, in render
    url = reverse(view_name, args=args, kwargs=kwargs, current_app=current_app)
  File "/Users/dmitrij/Desktop/my_project_2/myenv/lib/python3.13/site-packages/django/urls/base.py", line 88, in reverse
    return resolver._reverse_with_prefix(view, prefix, *args, **kwargs)
           ~~~~~~~~~~~~~~~~~~~~~~~~~~~~~^^^^^^^^^^^^^^^^^^^^^^^^^^^^^^^
  File "/Users/dmitrij/Desktop/my_project_2/myenv/lib/python3.13/site-packages/django/urls/resolvers.py", line 831, in _reverse_with_prefix
    raise NoReverseMatch(msg)
django.urls.exceptions.NoReverseMatch: Reverse for 'qualification_detail' with keyword arguments '{'id': '13udkq3wv2ny1mitkems2adgzhl3a4pp'}' not found. 1 pattern(s) tried: ['picnic_shop/spec/(?P<id>[0-9]+)/\\Z']
ERROR 2025-06-21 10:38:47,878 views Ошибка в qualifications_list: Reverse for 'qualification_detail' with keyword arguments '{'id': '13udkq3wv2ny1mitkems2adgzhl3a4pp'}' not found. 1 pattern(s) tried: ['picnic_shop/spec/(?P<id>[0-9]+)/\\Z']
Traceback (most recent call last):
  File "/Users/dmitrij/Desktop/my_project_2/picnic_shop/views.py", line 51, in qualifications_list
    return render(request, 'qualifications_list.html', {
        'qualifications': qualifications
    })
  File "/Users/dmitrij/Desktop/my_project_2/myenv/lib/python3.13/site-packages/django/shortcuts.py", line 25, in render
    content = loader.render_to_string(template_name, context, request, using=using)
  File "/Users/dmitrij/Desktop/my_project_2/myenv/lib/python3.13/site-packages/django/template/loader.py", line 62, in render_to_string
    return template.render(context, request)
           ~~~~~~~~~~~~~~~^^^^^^^^^^^^^^^^^^
  File "/Users/dmitrij/Desktop/my_project_2/myenv/lib/python3.13/site-packages/django/template/backends/django.py", line 107, in render
    return self.template.render(context)
           ~~~~~~~~~~~~~~~~~~~~^^^^^^^^^
  File "/Users/dmitrij/Desktop/my_project_2/myenv/lib/python3.13/site-packages/django/template/base.py", line 171, in render
    return self._render(context)
           ~~~~~~~~~~~~^^^^^^^^^
  File "/Users/dmitrij/Desktop/my_project_2/myenv/lib/python3.13/site-packages/django/template/base.py", line 163, in _render
    return self.nodelist.render(context)
           ~~~~~~~~~~~~~~~~~~~~^^^^^^^^^
  File "/Users/dmitrij/Desktop/my_project_2/myenv/lib/python3.13/site-packages/django/template/base.py", line 1008, in render
    return SafeString("".join([node.render_annotated(context) for node in self]))
                               ~~~~~~~~~~~~~~~~~~~~~^^^^^^^^^
  File "/Users/dmitrij/Desktop/my_project_2/myenv/lib/python3.13/site-packages/django/template/base.py", line 969, in render_annotated
    return self.render(context)
           ~~~~~~~~~~~^^^^^^^^^
  File "/Users/dmitrij/Desktop/my_project_2/myenv/lib/python3.13/site-packages/django/template/defaulttags.py", line 327, in render
    return nodelist.render(context)
           ~~~~~~~~~~~~~~~^^^^^^^^^
  File "/Users/dmitrij/Desktop/my_project_2/myenv/lib/python3.13/site-packages/django/template/base.py", line 1008, in render
    return SafeString("".join([node.render_annotated(context) for node in self]))
                               ~~~~~~~~~~~~~~~~~~~~~^^^^^^^^^
  File "/Users/dmitrij/Desktop/my_project_2/myenv/lib/python3.13/site-packages/django/template/base.py", line 969, in render_annotated
    return self.render(context)
           ~~~~~~~~~~~^^^^^^^^^
  File "/Users/dmitrij/Desktop/my_project_2/myenv/lib/python3.13/site-packages/django/template/defaulttags.py", line 243, in render
    nodelist.append(node.render_annotated(context))
                    ~~~~~~~~~~~~~~~~~~~~~^^^^^^^^^
  File "/Users/dmitrij/Desktop/my_project_2/myenv/lib/python3.13/site-packages/django/template/base.py", line 969, in render_annotated
    return self.render(context)
           ~~~~~~~~~~~^^^^^^^^^
  File "/Users/dmitrij/Desktop/my_project_2/myenv/lib/python3.13/site-packages/django/template/defaulttags.py", line 480, in render
    url = reverse(view_name, args=args, kwargs=kwargs, current_app=current_app)
  File "/Users/dmitrij/Desktop/my_project_2/myenv/lib/python3.13/site-packages/django/urls/base.py", line 88, in reverse
    return resolver._reverse_with_prefix(view, prefix, *args, **kwargs)
           ~~~~~~~~~~~~~~~~~~~~~~~~~~~~~^^^^^^^^^^^^^^^^^^^^^^^^^^^^^^^
  File "/Users/dmitrij/Desktop/my_project_2/myenv/lib/python3.13/site-packages/django/urls/resolvers.py", line 831, in _reverse_with_prefix
    raise NoReverseMatch(msg)
django.urls.exceptions.NoReverseMatch: Reverse for 'qualification_detail' with keyword arguments '{'id': '13udkq3wv2ny1mitkems2adgzhl3a4pp'}' not found. 1 pattern(s) tried: ['picnic_shop/spec/(?P<id>[0-9]+)/\\Z']
